[debug] [2025-05-04T07:38:10.551Z] ----------------------------------------------------------------------
[debug] [2025-05-04T07:38:10.553Z] Command:       C:\Program Files\nodejs\node.exe C:\Users\Hp\AppData\Roaming\npm\node_modules\firebase-tools\lib\bin\firebase.js deploy --only functions
[debug] [2025-05-04T07:38:10.553Z] CLI Version:   14.1.0
[debug] [2025-05-04T07:38:10.554Z] Platform:      win32
[debug] [2025-05-04T07:38:10.554Z] Node Version:  v23.1.0
[debug] [2025-05-04T07:38:10.554Z] Time:          Sun May 04 2025 13:08:10 GMT+0530 (India Standard Time)
[debug] [2025-05-04T07:38:10.554Z] ----------------------------------------------------------------------
[debug] 
[debug] [2025-05-04T07:38:10.667Z] > command requires scopes: ["email","openid","https://www.googleapis.com/auth/cloudplatformprojects.readonly","https://www.googleapis.com/auth/firebase","https://www.googleapis.com/auth/cloud-platform"]
[debug] [2025-05-04T07:38:10.668Z] > authorizing via signed-in user (bottupoda73@gmail.com)
[debug] [2025-05-04T07:38:10.668Z] [iam] checking project mechconnect-system for permissions ["cloudfunctions.functions.create","cloudfunctions.functions.delete","cloudfunctions.functions.get","cloudfunctions.functions.list","cloudfunctions.functions.update","cloudfunctions.operations.get","firebase.projects.get"]
[debug] [2025-05-04T07:38:10.668Z] Checked if tokens are valid: true, expires at: 1746347026530
[debug] [2025-05-04T07:38:10.669Z] Checked if tokens are valid: true, expires at: 1746347026530
[debug] [2025-05-04T07:38:10.669Z] >>> [apiv2][query] POST https://cloudresourcemanager.googleapis.com/v1/projects/mechconnect-system:testIamPermissions [none]
[debug] [2025-05-04T07:38:10.669Z] >>> [apiv2][(partial)header] POST https://cloudresourcemanager.googleapis.com/v1/projects/mechconnect-system:testIamPermissions x-goog-quota-user=projects/mechconnect-system
[debug] [2025-05-04T07:38:10.669Z] >>> [apiv2][body] POST https://cloudresourcemanager.googleapis.com/v1/projects/mechconnect-system:testIamPermissions {"permissions":["cloudfunctions.functions.create","cloudfunctions.functions.delete","cloudfunctions.functions.get","cloudfunctions.functions.list","cloudfunctions.functions.update","cloudfunctions.operations.get","firebase.projects.get"]}
[debug] [2025-05-04T07:38:13.520Z] <<< [apiv2][status] POST https://cloudresourcemanager.googleapis.com/v1/projects/mechconnect-system:testIamPermissions 200
[debug] [2025-05-04T07:38:13.520Z] <<< [apiv2][body] POST https://cloudresourcemanager.googleapis.com/v1/projects/mechconnect-system:testIamPermissions {"permissions":["cloudfunctions.functions.create","cloudfunctions.functions.delete","cloudfunctions.functions.get","cloudfunctions.functions.list","cloudfunctions.functions.update","cloudfunctions.operations.get","firebase.projects.get"]}
[debug] [2025-05-04T07:38:13.520Z] Checked if tokens are valid: true, expires at: 1746347026530
[debug] [2025-05-04T07:38:13.520Z] Checked if tokens are valid: true, expires at: 1746347026530
[debug] [2025-05-04T07:38:13.521Z] >>> [apiv2][query] POST https://iam.googleapis.com/v1/projects/mechconnect-system/serviceAccounts/mechconnect-system@appspot.gserviceaccount.com:testIamPermissions [none]
[debug] [2025-05-04T07:38:13.521Z] >>> [apiv2][body] POST https://iam.googleapis.com/v1/projects/mechconnect-system/serviceAccounts/mechconnect-system@appspot.gserviceaccount.com:testIamPermissions {"permissions":["iam.serviceAccounts.actAs"]}
[debug] [2025-05-04T07:38:16.805Z] <<< [apiv2][status] POST https://iam.googleapis.com/v1/projects/mechconnect-system/serviceAccounts/mechconnect-system@appspot.gserviceaccount.com:testIamPermissions 200
[debug] [2025-05-04T07:38:16.805Z] <<< [apiv2][body] POST https://iam.googleapis.com/v1/projects/mechconnect-system/serviceAccounts/mechconnect-system@appspot.gserviceaccount.com:testIamPermissions {"permissions":["iam.serviceAccounts.actAs"]}
[info] 
[info] === Deploying to 'mechconnect-system'...
[info] 
[info] i  deploying functions 
[info] Running command: npm --prefix "$RESOURCE_DIR" run lint
[debug] [2025-05-04T07:38:24.420Z] Error: Timed out.
    at Timeout._onTimeout (C:\Users\Hp\AppData\Roaming\npm\node_modules\firebase-tools\lib\utils.js:269:49)
    at listOnTimeout (node:internal/timers:614:17)
    at process.processTimers (node:internal/timers:549:7)
[error] 
[error] Error: An unexpected error has occurred.
[debug] [2025-05-04T07:39:36.580Z] ----------------------------------------------------------------------
[debug] [2025-05-04T07:39:36.582Z] Command:       C:\Program Files\nodejs\node.exe C:\Users\Hp\AppData\Roaming\npm\node_modules\firebase-tools\lib\bin\firebase.js deploy --only functions
[debug] [2025-05-04T07:39:36.582Z] CLI Version:   14.1.0
[debug] [2025-05-04T07:39:36.582Z] Platform:      win32
[debug] [2025-05-04T07:39:36.582Z] Node Version:  v23.1.0
[debug] [2025-05-04T07:39:36.582Z] Time:          Sun May 04 2025 13:09:36 GMT+0530 (India Standard Time)
[debug] [2025-05-04T07:39:36.582Z] ----------------------------------------------------------------------
[debug] 
[debug] [2025-05-04T07:39:36.718Z] > command requires scopes: ["email","openid","https://www.googleapis.com/auth/cloudplatformprojects.readonly","https://www.googleapis.com/auth/firebase","https://www.googleapis.com/auth/cloud-platform"]
[debug] [2025-05-04T07:39:36.719Z] > authorizing via signed-in user (bottupoda73@gmail.com)
[debug] [2025-05-04T07:39:36.719Z] [iam] checking project mechconnect-system for permissions ["cloudfunctions.functions.create","cloudfunctions.functions.delete","cloudfunctions.functions.get","cloudfunctions.functions.list","cloudfunctions.functions.update","cloudfunctions.operations.get","firebase.projects.get"]
[debug] [2025-05-04T07:39:36.720Z] Checked if tokens are valid: true, expires at: 1746347026530
[debug] [2025-05-04T07:39:36.720Z] Checked if tokens are valid: true, expires at: 1746347026530
[debug] [2025-05-04T07:39:36.720Z] >>> [apiv2][query] POST https://cloudresourcemanager.googleapis.com/v1/projects/mechconnect-system:testIamPermissions [none]
[debug] [2025-05-04T07:39:36.721Z] >>> [apiv2][(partial)header] POST https://cloudresourcemanager.googleapis.com/v1/projects/mechconnect-system:testIamPermissions x-goog-quota-user=projects/mechconnect-system
[debug] [2025-05-04T07:39:36.721Z] >>> [apiv2][body] POST https://cloudresourcemanager.googleapis.com/v1/projects/mechconnect-system:testIamPermissions {"permissions":["cloudfunctions.functions.create","cloudfunctions.functions.delete","cloudfunctions.functions.get","cloudfunctions.functions.list","cloudfunctions.functions.update","cloudfunctions.operations.get","firebase.projects.get"]}
[debug] [2025-05-04T07:39:57.788Z] *** [apiv2] error from fetch(https://cloudresourcemanager.googleapis.com/v1/projects/mechconnect-system:testIamPermissions, {"headers":{},"method":"POST","body":"{\"permissions\":[\"cloudfunctions.functions.create\",\"cloudfunctions.functions.delete\",\"cloudfunctions.functions.get\",\"cloudfunctions.functions.list\",\"cloudfunctions.functions.update\",\"cloudfunctions.operations.get\",\"firebase.projects.get\"]}"}): FetchError: request to https://cloudresourcemanager.googleapis.com/v1/projects/mechconnect-system:testIamPermissions failed, reason: connect ETIMEDOUT 2404:6800:4009:82d::200a:443
[debug] [2025-05-04T07:39:57.789Z] [iam] error while checking permissions, command may fail: Failed to make request to https://cloudresourcemanager.googleapis.com/v1/projects/mechconnect-system:testIamPermissions
[debug] [2025-05-04T07:39:57.789Z] Checked if tokens are valid: true, expires at: 1746347026530
[debug] [2025-05-04T07:39:57.789Z] Checked if tokens are valid: true, expires at: 1746347026530
[debug] [2025-05-04T07:39:57.789Z] >>> [apiv2][query] POST https://iam.googleapis.com/v1/projects/mechconnect-system/serviceAccounts/mechconnect-system@appspot.gserviceaccount.com:testIamPermissions [none]
[debug] [2025-05-04T07:39:57.789Z] >>> [apiv2][body] POST https://iam.googleapis.com/v1/projects/mechconnect-system/serviceAccounts/mechconnect-system@appspot.gserviceaccount.com:testIamPermissions {"permissions":["iam.serviceAccounts.actAs"]}
[debug] [2025-05-04T07:40:18.830Z] *** [apiv2] error from fetch(https://iam.googleapis.com/v1/projects/mechconnect-system/serviceAccounts/mechconnect-system@appspot.gserviceaccount.com:testIamPermissions, {"headers":{},"method":"POST","body":"{\"permissions\":[\"iam.serviceAccounts.actAs\"]}"}): FetchError: request to https://iam.googleapis.com/v1/projects/mechconnect-system/serviceAccounts/mechconnect-system@appspot.gserviceaccount.com:testIamPermissions failed, reason: connect ETIMEDOUT 2404:6800:4009:82b::200a:443
[debug] [2025-05-04T07:40:18.831Z] [functions] service account IAM check errored, deploy may fail: Failed to make request to https://iam.googleapis.com/v1/projects/mechconnect-system/serviceAccounts/mechconnect-system@appspot.gserviceaccount.com:testIamPermissions {"name":"FirebaseError","children":[],"exit":1,"message":"Failed to make request to https://iam.googleapis.com/v1/projects/mechconnect-system/serviceAccounts/mechconnect-system@appspot.gserviceaccount.com:testIamPermissions","original":{"message":"request to https://iam.googleapis.com/v1/projects/mechconnect-system/serviceAccounts/mechconnect-system@appspot.gserviceaccount.com:testIamPermissions failed, reason: connect ETIMEDOUT 2404:6800:4009:82b::200a:443","type":"system","errno":"ETIMEDOUT","code":"ETIMEDOUT"},"status":500}
[info] 
[info] === Deploying to 'mechconnect-system'...
[info] 
[info] i  deploying functions 
[info] Running command: npm --prefix "$RESOURCE_DIR" run lint
[debug] [2025-05-04T07:40:26.297Z] Error: Timed out.
    at Timeout._onTimeout (C:\Users\Hp\AppData\Roaming\npm\node_modules\firebase-tools\lib\utils.js:269:49)
    at listOnTimeout (node:internal/timers:614:17)
    at process.processTimers (node:internal/timers:549:7)
[error] 
[error] Error: An unexpected error has occurred.
[debug] [2025-05-04T07:44:34.364Z] ----------------------------------------------------------------------
[debug] [2025-05-04T07:44:34.365Z] Command:       C:\Program Files\nodejs\node.exe C:\Users\Hp\AppData\Roaming\npm\node_modules\firebase-tools\lib\bin\firebase.js deploy --only functions
[debug] [2025-05-04T07:44:34.366Z] CLI Version:   14.1.0
[debug] [2025-05-04T07:44:34.366Z] Platform:      win32
[debug] [2025-05-04T07:44:34.366Z] Node Version:  v23.1.0
[debug] [2025-05-04T07:44:34.366Z] Time:          Sun May 04 2025 13:14:34 GMT+0530 (India Standard Time)
[debug] [2025-05-04T07:44:34.366Z] ----------------------------------------------------------------------
[debug] 
[debug] [2025-05-04T07:44:34.501Z] > command requires scopes: ["email","openid","https://www.googleapis.com/auth/cloudplatformprojects.readonly","https://www.googleapis.com/auth/firebase","https://www.googleapis.com/auth/cloud-platform"]
[debug] [2025-05-04T07:44:34.502Z] > authorizing via signed-in user (bottupoda73@gmail.com)
[debug] [2025-05-04T07:44:34.502Z] [iam] checking project mechconnect-system for permissions ["cloudfunctions.functions.create","cloudfunctions.functions.delete","cloudfunctions.functions.get","cloudfunctions.functions.list","cloudfunctions.functions.update","cloudfunctions.operations.get","firebase.projects.get"]
[debug] [2025-05-04T07:44:34.503Z] Checked if tokens are valid: true, expires at: 1746347026530
[debug] [2025-05-04T07:44:34.503Z] Checked if tokens are valid: true, expires at: 1746347026530
[debug] [2025-05-04T07:44:34.503Z] >>> [apiv2][query] POST https://cloudresourcemanager.googleapis.com/v1/projects/mechconnect-system:testIamPermissions [none]
[debug] [2025-05-04T07:44:34.503Z] >>> [apiv2][(partial)header] POST https://cloudresourcemanager.googleapis.com/v1/projects/mechconnect-system:testIamPermissions x-goog-quota-user=projects/mechconnect-system
[debug] [2025-05-04T07:44:34.504Z] >>> [apiv2][body] POST https://cloudresourcemanager.googleapis.com/v1/projects/mechconnect-system:testIamPermissions {"permissions":["cloudfunctions.functions.create","cloudfunctions.functions.delete","cloudfunctions.functions.get","cloudfunctions.functions.list","cloudfunctions.functions.update","cloudfunctions.operations.get","firebase.projects.get"]}
[debug] [2025-05-04T07:47:31.835Z] ----------------------------------------------------------------------
[debug] [2025-05-04T07:47:31.837Z] Command:       C:\Program Files\nodejs\node.exe C:\Users\Hp\AppData\Roaming\npm\node_modules\firebase-tools\lib\bin\firebase.js deploy --only functions
[debug] [2025-05-04T07:47:31.837Z] CLI Version:   14.1.0
[debug] [2025-05-04T07:47:31.837Z] Platform:      win32
[debug] [2025-05-04T07:47:31.837Z] Node Version:  v23.1.0
[debug] [2025-05-04T07:47:31.838Z] Time:          Sun May 04 2025 13:17:31 GMT+0530 (India Standard Time)
[debug] [2025-05-04T07:47:31.838Z] ----------------------------------------------------------------------
[debug] 
[debug] [2025-05-04T07:47:31.972Z] > command requires scopes: ["email","openid","https://www.googleapis.com/auth/cloudplatformprojects.readonly","https://www.googleapis.com/auth/firebase","https://www.googleapis.com/auth/cloud-platform"]
[debug] [2025-05-04T07:47:31.972Z] > authorizing via signed-in user (bottupoda73@gmail.com)
[debug] [2025-05-04T07:47:31.972Z] [iam] checking project mechconnect-system for permissions ["cloudfunctions.functions.create","cloudfunctions.functions.delete","cloudfunctions.functions.get","cloudfunctions.functions.list","cloudfunctions.functions.update","cloudfunctions.operations.get","firebase.projects.get"]
[debug] [2025-05-04T07:47:31.973Z] Checked if tokens are valid: true, expires at: 1746347026530
[debug] [2025-05-04T07:47:31.973Z] Checked if tokens are valid: true, expires at: 1746347026530
[debug] [2025-05-04T07:47:31.974Z] >>> [apiv2][query] POST https://cloudresourcemanager.googleapis.com/v1/projects/mechconnect-system:testIamPermissions [none]
[debug] [2025-05-04T07:47:31.974Z] >>> [apiv2][(partial)header] POST https://cloudresourcemanager.googleapis.com/v1/projects/mechconnect-system:testIamPermissions x-goog-quota-user=projects/mechconnect-system
[debug] [2025-05-04T07:47:31.974Z] >>> [apiv2][body] POST https://cloudresourcemanager.googleapis.com/v1/projects/mechconnect-system:testIamPermissions {"permissions":["cloudfunctions.functions.create","cloudfunctions.functions.delete","cloudfunctions.functions.get","cloudfunctions.functions.list","cloudfunctions.functions.update","cloudfunctions.operations.get","firebase.projects.get"]}
[debug] [2025-05-04T07:47:53.224Z] *** [apiv2] error from fetch(https://cloudresourcemanager.googleapis.com/v1/projects/mechconnect-system:testIamPermissions, {"headers":{},"method":"POST","body":"{\"permissions\":[\"cloudfunctions.functions.create\",\"cloudfunctions.functions.delete\",\"cloudfunctions.functions.get\",\"cloudfunctions.functions.list\",\"cloudfunctions.functions.update\",\"cloudfunctions.operations.get\",\"firebase.projects.get\"]}"}): FetchError: request to https://cloudresourcemanager.googleapis.com/v1/projects/mechconnect-system:testIamPermissions failed, reason: connect ETIMEDOUT 2404:6800:4009:831::200a:443
[debug] [2025-05-04T07:47:53.225Z] [iam] error while checking permissions, command may fail: Failed to make request to https://cloudresourcemanager.googleapis.com/v1/projects/mechconnect-system:testIamPermissions
[debug] [2025-05-04T07:47:53.226Z] Checked if tokens are valid: true, expires at: 1746347026530
[debug] [2025-05-04T07:47:53.226Z] Checked if tokens are valid: true, expires at: 1746347026530
[debug] [2025-05-04T07:47:53.227Z] >>> [apiv2][query] POST https://iam.googleapis.com/v1/projects/mechconnect-system/serviceAccounts/mechconnect-system@appspot.gserviceaccount.com:testIamPermissions [none]
[debug] [2025-05-04T07:47:53.227Z] >>> [apiv2][body] POST https://iam.googleapis.com/v1/projects/mechconnect-system/serviceAccounts/mechconnect-system@appspot.gserviceaccount.com:testIamPermissions {"permissions":["iam.serviceAccounts.actAs"]}
[debug] [2025-05-04T07:51:41.473Z] ----------------------------------------------------------------------
[debug] [2025-05-04T07:51:41.475Z] Command:       C:\Program Files\nodejs\node.exe C:\Users\Hp\AppData\Roaming\npm\node_modules\firebase-tools\lib\bin\firebase.js deploy --only functions
[debug] [2025-05-04T07:51:41.476Z] CLI Version:   14.1.0
[debug] [2025-05-04T07:51:41.476Z] Platform:      win32
[debug] [2025-05-04T07:51:41.476Z] Node Version:  v23.1.0
[debug] [2025-05-04T07:51:41.476Z] Time:          Sun May 04 2025 13:21:41 GMT+0530 (India Standard Time)
[debug] [2025-05-04T07:51:41.476Z] ----------------------------------------------------------------------
[debug] 
[debug] [2025-05-04T07:51:41.623Z] > command requires scopes: ["email","openid","https://www.googleapis.com/auth/cloudplatformprojects.readonly","https://www.googleapis.com/auth/firebase","https://www.googleapis.com/auth/cloud-platform"]
[debug] [2025-05-04T07:51:41.623Z] > authorizing via signed-in user (bottupoda73@gmail.com)
[debug] [2025-05-04T07:51:41.624Z] [iam] checking project mechconnect-system for permissions ["cloudfunctions.functions.create","cloudfunctions.functions.delete","cloudfunctions.functions.get","cloudfunctions.functions.list","cloudfunctions.functions.update","cloudfunctions.operations.get","firebase.projects.get"]
[debug] [2025-05-04T07:51:41.624Z] Checked if tokens are valid: true, expires at: 1746347026530
[debug] [2025-05-04T07:51:41.625Z] Checked if tokens are valid: true, expires at: 1746347026530
[debug] [2025-05-04T07:51:41.625Z] >>> [apiv2][query] POST https://cloudresourcemanager.googleapis.com/v1/projects/mechconnect-system:testIamPermissions [none]
[debug] [2025-05-04T07:51:41.625Z] >>> [apiv2][(partial)header] POST https://cloudresourcemanager.googleapis.com/v1/projects/mechconnect-system:testIamPermissions x-goog-quota-user=projects/mechconnect-system
[debug] [2025-05-04T07:51:41.625Z] >>> [apiv2][body] POST https://cloudresourcemanager.googleapis.com/v1/projects/mechconnect-system:testIamPermissions {"permissions":["cloudfunctions.functions.create","cloudfunctions.functions.delete","cloudfunctions.functions.get","cloudfunctions.functions.list","cloudfunctions.functions.update","cloudfunctions.operations.get","firebase.projects.get"]}
[debug] [2025-05-04T07:52:02.726Z] *** [apiv2] error from fetch(https://cloudresourcemanager.googleapis.com/v1/projects/mechconnect-system:testIamPermissions, {"headers":{},"method":"POST","body":"{\"permissions\":[\"cloudfunctions.functions.create\",\"cloudfunctions.functions.delete\",\"cloudfunctions.functions.get\",\"cloudfunctions.functions.list\",\"cloudfunctions.functions.update\",\"cloudfunctions.operations.get\",\"firebase.projects.get\"]}"}): FetchError: request to https://cloudresourcemanager.googleapis.com/v1/projects/mechconnect-system:testIamPermissions failed, reason: connect ETIMEDOUT 2404:6800:4009:831::200a:443
[debug] [2025-05-04T07:52:02.727Z] [iam] error while checking permissions, command may fail: Failed to make request to https://cloudresourcemanager.googleapis.com/v1/projects/mechconnect-system:testIamPermissions
[debug] [2025-05-04T07:52:02.728Z] Checked if tokens are valid: true, expires at: 1746347026530
[debug] [2025-05-04T07:52:02.728Z] Checked if tokens are valid: true, expires at: 1746347026530
[debug] [2025-05-04T07:52:02.729Z] >>> [apiv2][query] POST https://iam.googleapis.com/v1/projects/mechconnect-system/serviceAccounts/mechconnect-system@appspot.gserviceaccount.com:testIamPermissions [none]
[debug] [2025-05-04T07:52:02.729Z] >>> [apiv2][body] POST https://iam.googleapis.com/v1/projects/mechconnect-system/serviceAccounts/mechconnect-system@appspot.gserviceaccount.com:testIamPermissions {"permissions":["iam.serviceAccounts.actAs"]}
[debug] [2025-05-04T07:52:23.803Z] *** [apiv2] error from fetch(https://iam.googleapis.com/v1/projects/mechconnect-system/serviceAccounts/mechconnect-system@appspot.gserviceaccount.com:testIamPermissions, {"headers":{},"method":"POST","body":"{\"permissions\":[\"iam.serviceAccounts.actAs\"]}"}): FetchError: request to https://iam.googleapis.com/v1/projects/mechconnect-system/serviceAccounts/mechconnect-system@appspot.gserviceaccount.com:testIamPermissions failed, reason: connect ETIMEDOUT 2404:6800:4009:828::200a:443
[debug] [2025-05-04T07:52:23.803Z] [functions] service account IAM check errored, deploy may fail: Failed to make request to https://iam.googleapis.com/v1/projects/mechconnect-system/serviceAccounts/mechconnect-system@appspot.gserviceaccount.com:testIamPermissions {"name":"FirebaseError","children":[],"exit":1,"message":"Failed to make request to https://iam.googleapis.com/v1/projects/mechconnect-system/serviceAccounts/mechconnect-system@appspot.gserviceaccount.com:testIamPermissions","original":{"message":"request to https://iam.googleapis.com/v1/projects/mechconnect-system/serviceAccounts/mechconnect-system@appspot.gserviceaccount.com:testIamPermissions failed, reason: connect ETIMEDOUT 2404:6800:4009:828::200a:443","type":"system","errno":"ETIMEDOUT","code":"ETIMEDOUT"},"status":500}
[info] 
[info] === Deploying to 'mechconnect-system'...
[info] 
[info] i  deploying functions 
[info] Running command: npm --prefix "$RESOURCE_DIR" run lint
[debug] [2025-05-04T07:52:32.003Z] Error: Timed out.
    at Timeout._onTimeout (C:\Users\Hp\AppData\Roaming\npm\node_modules\firebase-tools\lib\utils.js:269:49)
    at listOnTimeout (node:internal/timers:614:17)
    at process.processTimers (node:internal/timers:549:7)
[error] 
[error] Error: An unexpected error has occurred.
